[2025-06-29 09:45:21] Lucian introspection log
------ GIT STATUS ------
On branch main
Your branch is up to date with 'origin/main'.

Last command done (1 command done):
   pick 2c87ba9 Initialize Lucian core structure
No commands remaining.
You are currently editing a commit while rebasing branch 'main' on '90523e5'.
  (use "git commit --amend" to amend the current commit)
  (use "git rebase --continue" once you are satisfied with your changes)

Changes not staged for commit:
  (use "git add <file>..." to update what will be committed)
  (use "git restore <file>..." to discard changes in working directory)
	modified:   memory/dreams/tools/dream_synth.sh
	modified:   memory/system/tools/predict_logic.sh

Untracked files:
  (use "git add <file>..." to include in what will be committed)
	memory/journal/2025-06-29-auto-journal.txt
	memory/system/auto_journal.sh
	memory/system/logs/introspect.log
	memory/system/logs/selfheal_ai.log

no changes added to commit (use "git add" and/or "git commit -a")
------ RECENT MEMORY ENTRIES ------
total 16
-rw-r--r--    1 root     root             5 Jun 29 09:42 2025-06-29-auto-journal.txt
-rw-r--r--    1 root     root           139 Jun 29 02:58 auto-append-log.txt
-rw-r--r--    1 root     root            54 Jun 29 02:45 manual-test-log.txt
-rw-r--r--    1 root     root           298 Jun 29 02:02 2025-06-28-entry.txt
