==== SYSTEM PULSE 2025-06-29 09:49:37 ====
On branch main
Your branch is up to date with 'origin/main'.

Last command done (1 command done):
   pick 2c87ba9 Initialize Lucian core structure
No commands remaining.
You are currently editing a commit while rebasing branch 'main' on '90523e5'.
  (use "git commit --amend" to amend the current commit)
  (use "git rebase --continue" once you are satisfied with your changes)

Untracked files:
  (use "git add <file>..." to include in what will be committed)
	lucian_backup_2025-06-29.tar.gz
	memory/dreams/2025-06-29-dream.log
	memory/journal/2025-06-29-checkpoint.txt
	memory/system/logs/pulse.log
	memory/system/logs/recent_commits.log

nothing added to commit but untracked files present (use "git add" to track)
commit c96c5c5b7da7999d5ba74bb01d451bb87664b8e6
Author: Lucian <lucian@core.internal>
Date:   Sun Jun 29 09:47:59 2025 +0000

    🔄 Lucian auto-commit 2025-06-29 09:47:59
